<?xml version="1.0" encoding="UTF-8"?>
<testng-results total="1" passed="1" failed="0" skipped="0">
  <reporter-output>
  </reporter-output>
  <suite started-at="2021-12-08T10:35:38Z" name="Default suite" finished-at="2021-12-08T10:36:07Z" duration-ms="28779">
    <groups>
    </groups>
    <test started-at="2021-12-08T10:35:38Z" name="Default test" finished-at="2021-12-08T10:36:07Z" duration-ms="28779">
      <class name="Academy.HomePage">
        <test-method is-config="true" signature="Initialize()[pri:0, instance:Academy.HomePage@126253fd]" started-at="2021-12-08T16:05:38Z" name="Initialize" finished-at="2021-12-08T16:05:59Z" duration-ms="20911" status="PASS">
          <reporter-output>
          </reporter-output>
        </test-method> <!-- Initialize -->
        <test-method signature="basePageNavigation()[pri:0, instance:Academy.HomePage@126253fd]" started-at="2021-12-08T16:05:59Z" name="basePageNavigation" finished-at="2021-12-08T16:06:07Z" duration-ms="7589" status="PASS">
          <reporter-output>
          </reporter-output>
        </test-method> <!-- basePageNavigation -->
        <test-method is-config="true" signature="closeBrowser()[pri:0, instance:Academy.HomePage@126253fd]" started-at="2021-12-08T16:06:07Z" name="closeBrowser" finished-at="2021-12-08T16:06:07Z" duration-ms="257" status="PASS">
          <reporter-output>
          </reporter-output>
        </test-method> <!-- closeBrowser -->
      </class> <!-- Academy.HomePage -->
    </test> <!-- Default test -->
  </suite> <!-- Default suite -->
</testng-results>
